<?xml version="1.0" encoding="UTF-8"?>
<!-- Generated by org.testng.reporters.JUnitReportReporter -->
<testsuite skipped="1" hostname="DESKTOP-FPG3P4M" name="TestCases.TestCase9" tests="1" failures="0" timestamp="2021-04-16T23:13:08 IST" time="0.000" errors="0">
  <testcase name="test_home" time="0.000" classname="TestCases.TestCase9">
    <skipped/>
  </testcase> <!-- test_home -->
  <system-out/>
</testsuite> <!-- TestCases.TestCase9 -->
